{"D:\\src\\bds-ui\\src\\components\\MyButton\\index.tsx": {"path":"D:\\src\\bds-ui\\src\\components\\MyButton\\index.tsx","all":false,"statementMap":{"0":{"start":{"line":1,"column":0},"end":{"line":1,"column":40}},"1":{"start":{"line":2,"column":0},"end":{"line":2,"column":23}},"2":{"start":{"line":10,"column":0},"end":{"line":10,"column":97}},"3":{"start":{"line":11,"column":0},"end":{"line":11,"column":37}},"4":{"start":{"line":12,"column":0},"end":{"line":12,"column":41}},"5":{"start":{"line":13,"column":0},"end":{"line":13,"column":38}},"6":{"start":{"line":14,"column":0},"end":{"line":14,"column":4}},"7":{"start":{"line":16,"column":0},"end":{"line":16,"column":10}},"8":{"start":{"line":17,"column":0},"end":{"line":17,"column":11}},"9":{"start":{"line":18,"column":0},"end":{"line":18,"column":19}},"10":{"start":{"line":19,"column":0},"end":{"line":19,"column":23}},"11":{"start":{"line":20,"column":0},"end":{"line":20,"column":16}},"12":{"start":{"line":22,"column":0},"end":{"line":22,"column":13}},"13":{"start":{"line":23,"column":0},"end":{"line":23,"column":13}},"14":{"start":{"line":25,"column":0},"end":{"line":25,"column":1}}},"s":{"0":2,"1":2,"2":2,"3":45,"4":45,"5":45,"6":45,"7":45,"8":45,"9":45,"10":45,"11":45,"12":45,"13":45,"14":45},"branchMap":{"0":{"type":"branch","line":10,"loc":{"start":{"line":10,"column":7},"end":{"line":25,"column":1}},"locations":[{"start":{"line":10,"column":7},"end":{"line":25,"column":1}}]}},"b":{"0":[45]},"fnMap":{"0":{"name":"MyButton","decl":{"start":{"line":10,"column":7},"end":{"line":25,"column":1}},"loc":{"start":{"line":10,"column":7},"end":{"line":25,"column":1}},"line":10}},"f":{"0":45}}
,"D:\\src\\bds-ui\\src\\components\\MyCounter\\index.tsx": {"path":"D:\\src\\bds-ui\\src\\components\\MyCounter\\index.tsx","all":false,"statementMap":{"0":{"start":{"line":1,"column":0},"end":{"line":1,"column":32}},"1":{"start":{"line":2,"column":0},"end":{"line":2,"column":40}},"2":{"start":{"line":3,"column":0},"end":{"line":3,"column":38}},"3":{"start":{"line":12,"column":0},"end":{"line":12,"column":27}},"4":{"start":{"line":13,"column":0},"end":{"line":13,"column":19}},"5":{"start":{"line":14,"column":0},"end":{"line":14,"column":11}},"6":{"start":{"line":15,"column":0},"end":{"line":15,"column":18}},"7":{"start":{"line":16,"column":0},"end":{"line":16,"column":17}},"8":{"start":{"line":17,"column":0},"end":{"line":17,"column":18}},"9":{"start":{"line":18,"column":0},"end":{"line":18,"column":50}},"10":{"start":{"line":20,"column":0},"end":{"line":20,"column":27}},"11":{"start":{"line":21,"column":0},"end":{"line":21,"column":50}},"12":{"start":{"line":22,"column":0},"end":{"line":22,"column":3}},"13":{"start":{"line":24,"column":0},"end":{"line":24,"column":27}},"14":{"start":{"line":25,"column":0},"end":{"line":25,"column":50}},"15":{"start":{"line":26,"column":0},"end":{"line":26,"column":3}},"16":{"start":{"line":28,"column":0},"end":{"line":28,"column":23}},"17":{"start":{"line":29,"column":0},"end":{"line":29,"column":26}},"18":{"start":{"line":30,"column":0},"end":{"line":30,"column":3}},"19":{"start":{"line":32,"column":0},"end":{"line":32,"column":10}},"20":{"start":{"line":33,"column":0},"end":{"line":33,"column":42}},"21":{"start":{"line":34,"column":0},"end":{"line":34,"column":51}},"22":{"start":{"line":35,"column":0},"end":{"line":35,"column":15}},"23":{"start":{"line":36,"column":0},"end":{"line":36,"column":25}},"24":{"start":{"line":37,"column":0},"end":{"line":37,"column":27}},"25":{"start":{"line":38,"column":0},"end":{"line":38,"column":31}},"26":{"start":{"line":39,"column":0},"end":{"line":39,"column":8}},"27":{"start":{"line":40,"column":0},"end":{"line":40,"column":15}},"28":{"start":{"line":41,"column":0},"end":{"line":41,"column":25}},"29":{"start":{"line":42,"column":0},"end":{"line":42,"column":27}},"30":{"start":{"line":43,"column":0},"end":{"line":43,"column":31}},"31":{"start":{"line":44,"column":0},"end":{"line":44,"column":8}},"32":{"start":{"line":45,"column":0},"end":{"line":45,"column":15}},"33":{"start":{"line":46,"column":0},"end":{"line":46,"column":21}},"34":{"start":{"line":47,"column":0},"end":{"line":47,"column":23}},"35":{"start":{"line":48,"column":0},"end":{"line":48,"column":22}},"36":{"start":{"line":49,"column":0},"end":{"line":49,"column":8}},"37":{"start":{"line":50,"column":0},"end":{"line":50,"column":14}},"38":{"start":{"line":52,"column":0},"end":{"line":52,"column":1}}},"s":{"0":2,"1":2,"2":2,"3":2,"4":12,"5":12,"6":12,"7":12,"8":12,"9":12,"10":12,"11":2,"12":2,"13":12,"14":1,"15":1,"16":12,"17":1,"18":1,"19":12,"20":12,"21":12,"22":12,"23":12,"24":12,"25":12,"26":12,"27":12,"28":12,"29":12,"30":12,"31":12,"32":12,"33":12,"34":12,"35":12,"36":12,"37":12,"38":12},"branchMap":{"0":{"type":"branch","line":12,"loc":{"start":{"line":12,"column":7},"end":{"line":52,"column":1}},"locations":[{"start":{"line":12,"column":7},"end":{"line":52,"column":1}}]},"1":{"type":"branch","line":20,"loc":{"start":{"line":20,"column":20},"end":{"line":22,"column":3}},"locations":[{"start":{"line":20,"column":20},"end":{"line":22,"column":3}}]},"2":{"type":"branch","line":21,"loc":{"start":{"line":21,"column":13},"end":{"line":21,"column":49}},"locations":[{"start":{"line":21,"column":13},"end":{"line":21,"column":49}}]},"3":{"type":"branch","line":24,"loc":{"start":{"line":24,"column":20},"end":{"line":26,"column":3}},"locations":[{"start":{"line":24,"column":20},"end":{"line":26,"column":3}}]},"4":{"type":"branch","line":25,"loc":{"start":{"line":25,"column":13},"end":{"line":25,"column":49}},"locations":[{"start":{"line":25,"column":13},"end":{"line":25,"column":49}}]},"5":{"type":"branch","line":28,"loc":{"start":{"line":28,"column":16},"end":{"line":30,"column":3}},"locations":[{"start":{"line":28,"column":16},"end":{"line":30,"column":3}}]}},"b":{"0":[12],"1":[5],"2":[5],"3":[4],"4":[4],"5":[4]},"fnMap":{"0":{"name":"MyCounter","decl":{"start":{"line":12,"column":7},"end":{"line":52,"column":1}},"loc":{"start":{"line":12,"column":7},"end":{"line":52,"column":1}},"line":12},"1":{"name":"increment","decl":{"start":{"line":20,"column":20},"end":{"line":22,"column":3}},"loc":{"start":{"line":20,"column":20},"end":{"line":22,"column":3}},"line":20},"2":{"name":"decrement","decl":{"start":{"line":24,"column":20},"end":{"line":26,"column":3}},"loc":{"start":{"line":24,"column":20},"end":{"line":26,"column":3}},"line":24},"3":{"name":"reset","decl":{"start":{"line":28,"column":16},"end":{"line":30,"column":3}},"loc":{"start":{"line":28,"column":16},"end":{"line":30,"column":3}},"line":28}},"f":{"0":12,"1":2,"2":1,"3":1}}
,"D:\\src\\bds-ui\\src\\components\\MyTitle\\index.tsx": {"path":"D:\\src\\bds-ui\\src\\components\\MyTitle\\index.tsx","all":false,"statementMap":{"0":{"start":{"line":1,"column":0},"end":{"line":1,"column":40}},"1":{"start":{"line":2,"column":0},"end":{"line":2,"column":23}},"2":{"start":{"line":9,"column":0},"end":{"line":9,"column":79}},"3":{"start":{"line":10,"column":0},"end":{"line":10,"column":36}},"4":{"start":{"line":11,"column":0},"end":{"line":11,"column":40}},"5":{"start":{"line":12,"column":0},"end":{"line":12,"column":4}},"6":{"start":{"line":14,"column":0},"end":{"line":14,"column":10}},"7":{"start":{"line":15,"column":0},"end":{"line":15,"column":7}},"8":{"start":{"line":16,"column":0},"end":{"line":16,"column":23}},"9":{"start":{"line":17,"column":0},"end":{"line":17,"column":16}},"10":{"start":{"line":19,"column":0},"end":{"line":19,"column":13}},"11":{"start":{"line":20,"column":0},"end":{"line":20,"column":9}},"12":{"start":{"line":22,"column":0},"end":{"line":22,"column":1}}},"s":{"0":2,"1":2,"2":2,"3":4,"4":4,"5":4,"6":4,"7":4,"8":4,"9":4,"10":4,"11":4,"12":4},"branchMap":{"0":{"type":"branch","line":9,"loc":{"start":{"line":9,"column":7},"end":{"line":22,"column":1}},"locations":[{"start":{"line":9,"column":7},"end":{"line":22,"column":1}}]}},"b":{"0":[4]},"fnMap":{"0":{"name":"MyTitle","decl":{"start":{"line":9,"column":7},"end":{"line":22,"column":1}},"loc":{"start":{"line":9,"column":7},"end":{"line":22,"column":1}},"line":9}},"f":{"0":4}}
}
